14918 DEBUG [2013-06-16 17:16:34]  Reading reply sessionid:0x13f4bf07fb5009d, packet:: clientPath:null serverPath:null finished:false header:: 27,4  replyHeader:: 27,525,0  request:: '/hbase/root-region-server,T  response:: #ffffffff000f35313939407a682d6465736b746f706c6f63616c686f73742c36303032302c31333731333638363234373636,s{25,25,1371368641513,1371368641513,0,0,0,0,49,0,25} 
14918 DEBUG [2013-06-16 17:16:34]  hconnection-0x13f4bf07fb5009d Retrieved 29 byte(s) of data from znode /hbase/root-region-server and set watcher; localhost,60020,1371368624766
14919 DEBUG [2013-06-16 17:16:34]  Looked up root region location, connection=org.apache.hadoop.hbase.client.HConnectionManager$HConnectionImplementation@3c5b074c; serverName=localhost,60020,1371368624766
16531 DEBUG [2013-06-16 17:16:35]  IPC Client (47) connection to localhost/127.0.0.1:60000 from zh: closed
16531 DEBUG [2013-06-16 17:16:35]  IPC Client (47) connection to localhost/127.0.0.1:60000 from zh: stopped, remaining connections 0
16933 DEBUG [2013-06-16 17:16:36]  Reading reply sessionid:0x13f4bf07fb5009d, packet:: clientPath:null serverPath:null finished:false header:: 28,3  replyHeader:: 28,525,0  request:: '/hbase,F  response:: s{2,2,1371368626262,1371368626262,0,11,0,0,0,11,25} 
16936 DEBUG [2013-06-16 17:16:36]  Reading reply sessionid:0x13f4bf07fb5009d, packet:: clientPath:null serverPath:null finished:false header:: 29,4  replyHeader:: 29,525,0  request:: '/hbase/root-region-server,T  response:: #ffffffff000f35313939407a682d6465736b746f706c6f63616c686f73742c36303032302c31333731333638363234373636,s{25,25,1371368641513,1371368641513,0,0,0,0,49,0,25} 
16937 DEBUG [2013-06-16 17:16:36]  hconnection-0x13f4bf07fb5009d Retrieved 29 byte(s) of data from znode /hbase/root-region-server and set watcher; localhost,60020,1371368624766
16938 DEBUG [2013-06-16 17:16:36]  Looked up root region location, connection=org.apache.hadoop.hbase.client.HConnectionManager$HConnectionImplementation@3c5b074c; serverName=localhost,60020,1371368624766
16939 DEBUG [2013-06-16 17:16:36]  Connecting to org.apache.hadoop.hbase.ipc.HBaseClient$ConnectionId@ceee585
16940 DEBUG [2013-06-16 17:16:36]  closing ipc connection to localhost/127.0.0.1:60020: 拒绝连接
java.net.ConnectException: 拒绝连接
	at sun.nio.ch.SocketChannelImpl.checkConnect(Native Method)
	at sun.nio.ch.SocketChannelImpl.finishConnect(SocketChannelImpl.java:692)
	at org.apache.hadoop.net.SocketIOWithTimeout.connect(SocketIOWithTimeout.java:206)
	at org.apache.hadoop.net.NetUtils.connect(NetUtils.java:489)
	at org.apache.hadoop.hbase.ipc.HBaseClient$Connection.setupConnection(HBaseClient.java:390)
	at org.apache.hadoop.hbase.ipc.HBaseClient$Connection.setupIOstreams(HBaseClient.java:436)
	at org.apache.hadoop.hbase.ipc.HBaseClient.getConnection(HBaseClient.java:1124)
	at org.apache.hadoop.hbase.ipc.HBaseClient.call(HBaseClient.java:974)
	at org.apache.hadoop.hbase.ipc.WritableRpcEngine$Invoker.invoke(WritableRpcEngine.java:86)
	at $Proxy6.getProtocolVersion(Unknown Source)
	at org.apache.hadoop.hbase.ipc.WritableRpcEngine.getProxy(WritableRpcEngine.java:138)
	at org.apache.hadoop.hbase.ipc.HBaseRPC.waitForProxy(HBaseRPC.java:208)
	at org.apache.hadoop.hbase.client.HConnectionManager$HConnectionImplementation.getHRegionConnection(HConnectionManager.java:1335)
	at org.apache.hadoop.hbase.client.HConnectionManager$HConnectionImplementation.getHRegionConnection(HConnectionManager.java:1294)
	at org.apache.hadoop.hbase.client.HConnectionManager$HConnectionImplementation.getHRegionConnection(HConnectionManager.java:1281)
	at org.apache.hadoop.hbase.client.HConnectionManager$HConnectionImplementation.locateRegionInMeta(HConnectionManager.java:990)
	at org.apache.hadoop.hbase.client.HConnectionManager$HConnectionImplementation.locateRegion(HConnectionManager.java:885)
	at org.apache.hadoop.hbase.client.HConnectionManager$HConnectionImplementation.locateRegion(HConnectionManager.java:846)
	at org.apache.hadoop.hbase.client.HTable.finishSetup(HTable.java:234)
	at org.apache.hadoop.hbase.client.HTable.<init>(HTable.java:174)
	at org.apache.hadoop.hbase.catalog.MetaReader.getHTable(MetaReader.java:200)
	at org.apache.hadoop.hbase.catalog.MetaReader.getMetaHTable(MetaReader.java:226)
	at org.apache.hadoop.hbase.catalog.MetaReader.fullScan(MetaReader.java:704)
	at org.apache.hadoop.hbase.catalog.MetaReader.fullScan(MetaReader.java:183)
	at org.apache.hadoop.hbase.catalog.MetaReader.tableExists(MetaReader.java:447)
	at org.apache.hadoop.hbase.client.HBaseAdmin.tableExists(HBaseAdmin.java:240)
	at com.microblog.common.dao.hbase.impl.UserListDaoImpl.getTableByName(UserListDaoImpl.java:85)
	at com.microblog.common.dao.hbase.impl.UserListDaoImpl.getRows(UserListDaoImpl.java:187)
	at com.scnu.crawler.SinaCrawler.crawlLogic(SinaCrawler.java:778)
	at com.scnu.crawler.SinaCrawler.main(SinaCrawler.java:813)
16942 DEBUG [2013-06-16 17:16:36]  IPC Client (47) connection to localhost/127.0.0.1:60020 from zh: closed
16943 INFO  [2013-06-16 17:16:36]  Server at localhost/127.0.0.1:60020 could not be reached after 1 tries, giving up.
16943 DEBUG [2013-06-16 17:16:36]  locateRegionInMeta parentTable=-ROOT-, metaLocation={region=-ROOT-,,0.70236052, hostname=localhost, port=60020}, attempt=5 of 10 failed; retrying after sleep of 4039 because: Failed setting up proxy interface org.apache.hadoop.hbase.ipc.HRegionInterface to localhost/127.0.0.1:60020 after attempts=1
16946 DEBUG [2013-06-16 17:16:36]  Reading reply sessionid:0x13f4bf07fb5009d, packet:: clientPath:null serverPath:null finished:false header:: 30,3  replyHeader:: 30,525,0  request:: '/hbase,F  response:: s{2,2,1371368626262,1371368626262,0,11,0,0,0,11,25} 
16950 DEBUG [2013-06-16 17:16:36]  Reading reply sessionid:0x13f4bf07fb5009d, packet:: clientPath:null serverPath:null finished:false header:: 31,4  replyHeader:: 31,525,0  request:: '/hbase/root-region-server,T  response:: #ffffffff000f35313939407a682d6465736b746f706c6f63616c686f73742c36303032302c31333731333638363234373636,s{25,25,1371368641513,1371368641513,0,0,0,0,49,0,25} 
16951 DEBUG [2013-06-16 17:16:36]  hconnection-0x13f4bf07fb5009d Retrieved 29 byte(s) of data from znode /hbase/root-region-server and set watcher; localhost,60020,1371368624766
16951 DEBUG [2013-06-16 17:16:36]  Looked up root region location, connection=org.apache.hadoop.hbase.client.HConnectionManager$HConnectionImplementation@3c5b074c; serverName=localhost,60020,1371368624766
20979 DEBUG [2013-06-16 17:16:40]  Reading reply sessionid:0x13f4bf07fb5009d, packet:: clientPath:null serverPath:null finished:false header:: 32,3  replyHeader:: 32,525,0  request:: '/hbase,F  response:: s{2,2,1371368626262,1371368626262,0,11,0,0,0,11,25} 
20985 DEBUG [2013-06-16 17:16:40]  Reading reply sessionid:0x13f4bf07fb5009d, packet:: clientPath:null serverPath:null finished:false header:: 33,4  replyHeader:: 33,525,0  request:: '/hbase/root-region-server,T  response:: #ffffffff000f35313939407a682d6465736b746f706c6f63616c686f73742c36303032302c31333731333638363234373636,s{25,25,1371368641513,1371368641513,0,0,0,0,49,0,25} 
20986 DEBUG [2013-06-16 17:16:40]  hconnection-0x13f4bf07fb5009d Retrieved 29 byte(s) of data from znode /hbase/root-region-server and set watcher; localhost,60020,1371368624766
20986 DEBUG [2013-06-16 17:16:40]  Looked up root region location, connection=org.apache.hadoop.hbase.client.HConnectionManager$HConnectionImplementation@3c5b074c; serverName=localhost,60020,1371368624766
20988 DEBUG [2013-06-16 17:16:40]  Connecting to org.apache.hadoop.hbase.ipc.HBaseClient$ConnectionId@fb9492bd
20988 DEBUG [2013-06-16 17:16:40]  closing ipc connection to localhost/127.0.0.1:60020: 拒绝连接
java.net.ConnectException: 拒绝连接
	at sun.nio.ch.SocketChannelImpl.checkConnect(Native Method)
	at sun.nio.ch.SocketChannelImpl.finishConnect(SocketChannelImpl.java:692)
	at org.apache.hadoop.net.SocketIOWithTimeout.connect(SocketIOWithTimeout.java:206)
	at org.apache.hadoop.net.NetUtils.connect(NetUtils.java:489)
	at org.apache.hadoop.hbase.ipc.HBaseClient$Connection.setupConnection(HBaseClient.java:390)
	at org.apache.hadoop.hbase.ipc.HBaseClient$Connection.setupIOstreams(HBaseClient.java:436)
	at org.apache.hadoop.hbase.ipc.HBaseClient.getConnection(HBaseClient.java:1124)
	at org.apache.hadoop.hbase.ipc.HBaseClient.call(HBaseClient.java:974)
	at org.apache.hadoop.hbase.ipc.WritableRpcEngine$Invoker.invoke(WritableRpcEngine.java:86)
	at $Proxy6.getProtocolVersion(Unknown Source)
	at org.apache.hadoop.hbase.ipc.WritableRpcEngine.getProxy(WritableRpcEngine.java:138)
	at org.apache.hadoop.hbase.ipc.HBaseRPC.waitForProxy(HBaseRPC.java:208)
	at org.apache.hadoop.hbase.client.HConnectionManager$HConnectionImplementation.getHRegionConnection(HConnectionManager.java:1335)
	at org.apache.hadoop.hbase.client.HConnectionManager$HConnectionImplementation.getHRegionConnection(HConnectionManager.java:1294)
	at org.apache.hadoop.hbase.client.HConnectionManager$HConnectionImplementation.getHRegionConnection(HConnectionManager.java:1281)
	at org.apache.hadoop.hbase.client.HConnectionManager$HConnectionImplementation.locateRegionInMeta(HConnectionManager.java:990)
	at org.apache.hadoop.hbase.client.HConnectionManager$HConnectionImplementation.locateRegion(HConnectionManager.java:885)
	at org.apache.hadoop.hbase.client.HConnectionManager$HConnectionImplementation.locateRegion(HConnectionManager.java:846)
	at org.apache.hadoop.hbase.client.HTable.finishSetup(HTable.java:234)
	at org.apache.hadoop.hbase.client.HTable.<init>(HTable.java:174)
	at org.apache.hadoop.hbase.catalog.MetaReader.getHTable(MetaReader.java:200)
	at org.apache.hadoop.hbase.catalog.MetaReader.getMetaHTable(MetaReader.java:226)
	at org.apache.hadoop.hbase.catalog.MetaReader.fullScan(MetaReader.java:704)
	at org.apache.hadoop.hbase.catalog.MetaReader.fullScan(MetaReader.java:183)
	at org.apache.hadoop.hbase.catalog.MetaReader.tableExists(MetaReader.java:447)
	at org.apache.hadoop.hbase.client.HBaseAdmin.tableExists(HBaseAdmin.java:240)
	at com.microblog.common.dao.hbase.impl.UserListDaoImpl.getTableByName(UserListDaoImpl.java:85)
	at com.microblog.common.dao.hbase.impl.UserListDaoImpl.getRows(UserListDaoImpl.java:187)
	at com.scnu.crawler.SinaCrawler.crawlLogic(SinaCrawler.java:778)
	at com.scnu.crawler.SinaCrawler.main(SinaCrawler.java:813)
20991 DEBUG [2013-06-16 17:16:40]  IPC Client (47) connection to localhost/127.0.0.1:60020 from zh: closed
20991 INFO  [2013-06-16 17:16:40]  Server at localhost/127.0.0.1:60020 could not be reached after 1 tries, giving up.
20992 DEBUG [2013-06-16 17:16:40]  locateRegionInMeta parentTable=-ROOT-, metaLocation={region=-ROOT-,,0.70236052, hostname=localhost, port=60020}, attempt=6 of 10 failed; retrying after sleep of 4025 because: Failed setting up proxy interface org.apache.hadoop.hbase.ipc.HRegionInterface to localhost/127.0.0.1:60020 after attempts=1
20995 DEBUG [2013-06-16 17:16:40]  Reading reply sessionid:0x13f4bf07fb5009d, packet:: clientPath:null serverPath:null finished:false header:: 34,3  replyHeader:: 34,525,0  request:: '/hbase,F  response:: s{2,2,1371368626262,1371368626262,0,11,0,0,0,11,25} 
20998 DEBUG [2013-06-16 17:16:40]  Reading reply sessionid:0x13f4bf07fb5009d, packet:: clientPath:null serverPath:null finished:false header:: 35,4  replyHeader:: 35,525,0  request:: '/hbase/root-region-server,T  response:: #ffffffff000f35313939407a682d6465736b746f706c6f63616c686f73742c36303032302c31333731333638363234373636,s{25,25,1371368641513,1371368641513,0,0,0,0,49,0,25} 
20998 DEBUG [2013-06-16 17:16:40]  hconnection-0x13f4bf07fb5009d Retrieved 29 byte(s) of data from znode /hbase/root-region-server and set watcher; localhost,60020,1371368624766
20999 DEBUG [2013-06-16 17:16:40]  Looked up root region location, connection=org.apache.hadoop.hbase.client.HConnectionManager$HConnectionImplementation@3c5b074c; serverName=localhost,60020,1371368624766
0    DEBUG [2013-06-16 17:39:25]  Request:
10   DEBUG [2013-06-16 17:39:25]  POSThttps://api.weibo.com/oauth2/access_token
237  DEBUG [2013-06-16 17:39:25]  Response:
238  DEBUG [2013-06-16 17:39:25]  https StatusCode:200
238  DEBUG [2013-06-16 17:39:25]  Server:nginx/1.2.0
239  DEBUG [2013-06-16 17:39:25]  Date:Sun, 16 Jun 2013 09:36:31 GMT
239  DEBUG [2013-06-16 17:39:25]  Content-Type:text/plain;charset=UTF-8
240  DEBUG [2013-06-16 17:39:25]  Content-Length:117
240  DEBUG [2013-06-16 17:39:25]  Connection:keep-alive
240  DEBUG [2013-06-16 17:39:25]  Pragma:No-cache
241  DEBUG [2013-06-16 17:39:25]  Cache-Control:no-cache
241  DEBUG [2013-06-16 17:39:25]  Expires:Thu, 01 Jan 1970 00:00:00 GMT
241  DEBUG [2013-06-16 17:39:25]  Api-Server-IP:10.75.25.86
241  DEBUG [2013-06-16 17:39:25]  X-Varnish:3820720629
242  DEBUG [2013-06-16 17:39:25]  Age:0
242  DEBUG [2013-06-16 17:39:25]  Via:1.1 varnish
272  DEBUG [2013-06-16 17:39:25]  {"access_token":"2.00uASGWDBOjxDD06ff75f5c6lPSz7B","remind_in":"157679999","expires_in":157679999,"uid":"3222740464"}

853  DEBUG [2013-06-16 17:39:26]  Request:
853  DEBUG [2013-06-16 17:39:26]  POSThttps://api.weibo.com/oauth2/access_token
956  DEBUG [2013-06-16 17:39:26]  Response:
957  DEBUG [2013-06-16 17:39:26]  https StatusCode:200
958  DEBUG [2013-06-16 17:39:26]  Server:nginx/1.2.0
958  DEBUG [2013-06-16 17:39:26]  Date:Sun, 16 Jun 2013 09:36:32 GMT
958  DEBUG [2013-06-16 17:39:26]  Content-Type:text/plain;charset=UTF-8
959  DEBUG [2013-06-16 17:39:26]  Content-Length:111
959  DEBUG [2013-06-16 17:39:26]  Connection:keep-alive
960  DEBUG [2013-06-16 17:39:26]  Pragma:No-cache
960  DEBUG [2013-06-16 17:39:26]  Cache-Control:no-cache
960  DEBUG [2013-06-16 17:39:26]  Expires:Thu, 01 Jan 1970 00:00:00 GMT
961  DEBUG [2013-06-16 17:39:26]  Api-Server-IP:10.75.25.86
961  DEBUG [2013-06-16 17:39:26]  X-Varnish:2570219341
961  DEBUG [2013-06-16 17:39:26]  Age:0
962  DEBUG [2013-06-16 17:39:26]  Via:1.1 varnish
963  DEBUG [2013-06-16 17:39:26]  {"access_token":"2.001ejhWDBOjxDD69d321c37bx5532D","remind_in":"120208","expires_in":120208,"uid":"3231664832"}

1220 DEBUG [2013-06-16 17:39:26]  Request:
1220 DEBUG [2013-06-16 17:39:26]  POSThttps://api.weibo.com/oauth2/access_token
1294 DEBUG [2013-06-16 17:39:26]  Response:
1294 DEBUG [2013-06-16 17:39:26]  https StatusCode:200
1294 DEBUG [2013-06-16 17:39:26]  Server:nginx/1.2.0
1294 DEBUG [2013-06-16 17:39:26]  Date:Sun, 16 Jun 2013 09:36:32 GMT
1295 DEBUG [2013-06-16 17:39:26]  Content-Type:text/plain;charset=UTF-8
1295 DEBUG [2013-06-16 17:39:26]  Content-Length:111
1295 DEBUG [2013-06-16 17:39:26]  Connection:keep-alive
1296 DEBUG [2013-06-16 17:39:26]  Pragma:No-cache
1296 DEBUG [2013-06-16 17:39:26]  Cache-Control:no-cache
1296 DEBUG [2013-06-16 17:39:26]  Expires:Thu, 01 Jan 1970 00:00:00 GMT
1296 DEBUG [2013-06-16 17:39:26]  Api-Server-IP:10.75.25.86
1297 DEBUG [2013-06-16 17:39:26]  X-Varnish:3820725953
1297 DEBUG [2013-06-16 17:39:26]  Age:0
1297 DEBUG [2013-06-16 17:39:26]  Via:1.1 varnish
1298 DEBUG [2013-06-16 17:39:26]  {"access_token":"2.00UXTQXDBOjxDD4cffdd844303fQvV","remind_in":"120208","expires_in":120208,"uid":"3239944384"}

1528 DEBUG [2013-06-16 17:39:26]  Request:
1529 DEBUG [2013-06-16 17:39:26]  POSThttps://api.weibo.com/oauth2/access_token
1597 DEBUG [2013-06-16 17:39:26]  Response:
1597 DEBUG [2013-06-16 17:39:26]  https StatusCode:200
1598 DEBUG [2013-06-16 17:39:26]  Server:nginx/1.2.0
1598 DEBUG [2013-06-16 17:39:26]  Date:Sun, 16 Jun 2013 09:36:32 GMT
1598 DEBUG [2013-06-16 17:39:26]  Content-Type:text/plain;charset=UTF-8
1599 DEBUG [2013-06-16 17:39:26]  Content-Length:111
1599 DEBUG [2013-06-16 17:39:26]  Connection:keep-alive
1599 DEBUG [2013-06-16 17:39:26]  Pragma:No-cache
1599 DEBUG [2013-06-16 17:39:26]  Cache-Control:no-cache
1600 DEBUG [2013-06-16 17:39:26]  Expires:Thu, 01 Jan 1970 00:00:00 GMT
1600 DEBUG [2013-06-16 17:39:26]  Api-Server-IP:10.75.2.82
1600 DEBUG [2013-06-16 17:39:26]  X-Varnish:2003875561
1600 DEBUG [2013-06-16 17:39:26]  Age:0
1601 DEBUG [2013-06-16 17:39:26]  Via:1.1 varnish
1601 DEBUG [2013-06-16 17:39:26]  {"access_token":"2.00w7xDYDBOjxDDb6bd21dad1T5fleE","remind_in":"120207","expires_in":120207,"uid":"3251737370"}

1845 DEBUG [2013-06-16 17:39:27]  Request:
1845 DEBUG [2013-06-16 17:39:27]  POSThttps://api.weibo.com/oauth2/access_token
1918 DEBUG [2013-06-16 17:39:27]  Response:
1919 DEBUG [2013-06-16 17:39:27]  https StatusCode:200
1919 DEBUG [2013-06-16 17:39:27]  Server:nginx/1.2.0
1919 DEBUG [2013-06-16 17:39:27]  Date:Sun, 16 Jun 2013 09:36:32 GMT
1919 DEBUG [2013-06-16 17:39:27]  Content-Type:text/plain;charset=UTF-8
1920 DEBUG [2013-06-16 17:39:27]  Content-Length:111
1920 DEBUG [2013-06-16 17:39:27]  Connection:keep-alive
1920 DEBUG [2013-06-16 17:39:27]  Pragma:No-cache
1921 DEBUG [2013-06-16 17:39:27]  Cache-Control:no-cache
1921 DEBUG [2013-06-16 17:39:27]  Expires:Thu, 01 Jan 1970 00:00:00 GMT
1921 DEBUG [2013-06-16 17:39:27]  Api-Server-IP:10.75.2.83
1922 DEBUG [2013-06-16 17:39:27]  X-Varnish:2570224311
1922 DEBUG [2013-06-16 17:39:27]  Age:0
1923 DEBUG [2013-06-16 17:39:27]  Via:1.1 varnish
1923 DEBUG [2013-06-16 17:39:27]  {"access_token":"2.003yJEYDBOjxDD3dcbbbf812DHwSND","remind_in":"120206","expires_in":120206,"uid":"3251785570"}

2160 DEBUG [2013-06-16 17:39:27]  Request:
2161 DEBUG [2013-06-16 17:39:27]  POSThttps://api.weibo.com/oauth2/access_token
2233 DEBUG [2013-06-16 17:39:27]  Response:
2233 DEBUG [2013-06-16 17:39:27]  https StatusCode:200
2233 DEBUG [2013-06-16 17:39:27]  Server:nginx/1.2.0
2233 DEBUG [2013-06-16 17:39:27]  Date:Sun, 16 Jun 2013 09:36:33 GMT
2234 DEBUG [2013-06-16 17:39:27]  Content-Type:text/plain;charset=UTF-8
2234 DEBUG [2013-06-16 17:39:27]  Content-Length:111
2234 DEBUG [2013-06-16 17:39:27]  Connection:keep-alive
2234 DEBUG [2013-06-16 17:39:27]  Pragma:No-cache
2235 DEBUG [2013-06-16 17:39:27]  Cache-Control:no-cache
2235 DEBUG [2013-06-16 17:39:27]  Expires:Thu, 01 Jan 1970 00:00:00 GMT
2235 DEBUG [2013-06-16 17:39:27]  Api-Server-IP:10.75.25.86
2235 DEBUG [2013-06-16 17:39:27]  X-Varnish:3820730642
2236 DEBUG [2013-06-16 17:39:27]  Age:0
2236 DEBUG [2013-06-16 17:39:27]  Via:1.1 varnish
2237 DEBUG [2013-06-16 17:39:27]  {"access_token":"2.00UkCWZDBOjxDDa2daeefeae0zyTiu","remind_in":"120207","expires_in":120207,"uid":"3273207322"}

2461 DEBUG [2013-06-16 17:39:27]  Request:
2462 DEBUG [2013-06-16 17:39:27]  POSThttps://api.weibo.com/oauth2/access_token
2538 DEBUG [2013-06-16 17:39:27]  Response:
2538 DEBUG [2013-06-16 17:39:27]  https StatusCode:200
2538 DEBUG [2013-06-16 17:39:27]  Server:nginx/1.2.0
2538 DEBUG [2013-06-16 17:39:27]  Date:Sun, 16 Jun 2013 09:36:33 GMT
2539 DEBUG [2013-06-16 17:39:27]  Content-Type:text/plain;charset=UTF-8
2539 DEBUG [2013-06-16 17:39:27]  Content-Length:111
2539 DEBUG [2013-06-16 17:39:27]  Connection:keep-alive
2539 DEBUG [2013-06-16 17:39:27]  Pragma:No-cache
2540 DEBUG [2013-06-16 17:39:27]  Cache-Control:no-cache
2540 DEBUG [2013-06-16 17:39:27]  Expires:Thu, 01 Jan 1970 00:00:00 GMT
2540 DEBUG [2013-06-16 17:39:27]  Api-Server-IP:10.75.25.86
2540 DEBUG [2013-06-16 17:39:27]  X-Varnish:2570227431
2541 DEBUG [2013-06-16 17:39:27]  Age:0
2541 DEBUG [2013-06-16 17:39:27]  Via:1.1 varnish
2541 DEBUG [2013-06-16 17:39:27]  {"access_token":"2.00CvfbZDBOjxDD14964a2491RxtF1C","remind_in":"120207","expires_in":120207,"uid":"3274549532"}

2757 DEBUG [2013-06-16 17:39:27]  Request:
2757 DEBUG [2013-06-16 17:39:27]  POSThttps://api.weibo.com/oauth2/access_token
2829 DEBUG [2013-06-16 17:39:28]  Response:
2830 DEBUG [2013-06-16 17:39:28]  https StatusCode:200
2830 DEBUG [2013-06-16 17:39:28]  Server:nginx/1.2.0
2830 DEBUG [2013-06-16 17:39:28]  Date:Sun, 16 Jun 2013 09:36:33 GMT
2830 DEBUG [2013-06-16 17:39:28]  Content-Type:text/plain;charset=UTF-8
2830 DEBUG [2013-06-16 17:39:28]  Content-Length:111
2831 DEBUG [2013-06-16 17:39:28]  Connection:keep-alive
2831 DEBUG [2013-06-16 17:39:28]  Pragma:No-cache
2831 DEBUG [2013-06-16 17:39:28]  Cache-Control:no-cache
2831 DEBUG [2013-06-16 17:39:28]  Expires:Thu, 01 Jan 1970 00:00:00 GMT
2831 DEBUG [2013-06-16 17:39:28]  Api-Server-IP:10.75.2.83
2832 DEBUG [2013-06-16 17:39:28]  X-Varnish:3820733849
2832 DEBUG [2013-06-16 17:39:28]  Age:0
2832 DEBUG [2013-06-16 17:39:28]  Via:1.1 varnish
2833 DEBUG [2013-06-16 17:39:28]  {"access_token":"2.00UkMWZDBOjxDD87323202180h94Qw","remind_in":"120205","expires_in":120205,"uid":"3273245762"}

3050 DEBUG [2013-06-16 17:39:28]  Request:
3051 DEBUG [2013-06-16 17:39:28]  POSThttps://api.weibo.com/oauth2/access_token
3122 DEBUG [2013-06-16 17:39:28]  Response:
3123 DEBUG [2013-06-16 17:39:28]  https StatusCode:200
3123 DEBUG [2013-06-16 17:39:28]  Server:nginx/1.2.0
3123 DEBUG [2013-06-16 17:39:28]  Date:Sun, 16 Jun 2013 09:36:34 GMT
3124 DEBUG [2013-06-16 17:39:28]  Content-Type:text/plain;charset=UTF-8
3124 DEBUG [2013-06-16 17:39:28]  Content-Length:111
3124 DEBUG [2013-06-16 17:39:28]  Connection:keep-alive
3124 DEBUG [2013-06-16 17:39:28]  Pragma:No-cache
3125 DEBUG [2013-06-16 17:39:28]  Cache-Control:no-cache
3125 DEBUG [2013-06-16 17:39:28]  Expires:Thu, 01 Jan 1970 00:00:00 GMT
3125 DEBUG [2013-06-16 17:39:28]  Api-Server-IP:10.75.2.83
3126 DEBUG [2013-06-16 17:39:28]  X-Varnish:2003883416
3126 DEBUG [2013-06-16 17:39:28]  Age:0
3126 DEBUG [2013-06-16 17:39:28]  Via:1.1 varnish
3127 DEBUG [2013-06-16 17:39:28]  {"access_token":"2.00sS1WZDBOjxDD036745f610DYMRcB","remind_in":"120205","expires_in":120205,"uid":"3273274802"}

3390 DEBUG [2013-06-16 17:39:28]  java.io.IOException: config()
	at org.apache.hadoop.conf.Configuration.<init>(Configuration.java:227)
	at org.apache.hadoop.conf.Configuration.<init>(Configuration.java:214)
	at org.apache.hadoop.hbase.HBaseConfiguration.create(HBaseConfiguration.java:110)
	at com.microblog.common.dao.hbase.impl.UserListDaoImpl.<clinit>(UserListDaoImpl.java:29)
	at com.scnu.crawler.SinaCrawler.crawlLogic(SinaCrawler.java:773)
	at com.scnu.crawler.SinaCrawler.main(SinaCrawler.java:813)

3935 DEBUG [2013-06-16 17:39:29]  java.io.IOException: config()
	at org.apache.hadoop.conf.Configuration.<init>(Configuration.java:227)
	at org.apache.hadoop.conf.Configuration.<init>(Configuration.java:214)
	at org.apache.hadoop.hbase.HBaseConfiguration.create(HBaseConfiguration.java:110)
	at org.apache.hadoop.hbase.HBaseConfiguration.create(HBaseConfiguration.java:120)
	at org.apache.hadoop.hbase.client.HBaseAdmin.<init>(HBaseAdmin.java:105)
	at com.microblog.common.dao.hbase.impl.UserListDaoImpl.getTableByName(UserListDaoImpl.java:84)
	at com.microblog.common.dao.hbase.impl.UserListDaoImpl.getRows(UserListDaoImpl.java:187)
	at com.scnu.crawler.SinaCrawler.crawlLogic(SinaCrawler.java:778)
	at com.scnu.crawler.SinaCrawler.main(SinaCrawler.java:813)

4042 DEBUG [2013-06-16 17:39:29]  java.io.IOException: config()
	at org.apache.hadoop.conf.Configuration.<init>(Configuration.java:227)
	at org.apache.hadoop.conf.Configuration.<init>(Configuration.java:214)
	at org.apache.hadoop.hbase.HBaseConfiguration.create(HBaseConfiguration.java:110)
	at org.apache.hadoop.hbase.client.HConnectionManager.<clinit>(HConnectionManager.java:149)
	at org.apache.hadoop.hbase.client.HBaseAdmin.<init>(HBaseAdmin.java:106)
	at com.microblog.common.dao.hbase.impl.UserListDaoImpl.getTableByName(UserListDaoImpl.java:84)
	at com.microblog.common.dao.hbase.impl.UserListDaoImpl.getRows(UserListDaoImpl.java:187)
	at com.scnu.crawler.SinaCrawler.crawlLogic(SinaCrawler.java:778)
	at com.scnu.crawler.SinaCrawler.main(SinaCrawler.java:813)

4314 DEBUG [2013-06-16 17:39:29]  java.io.IOException: config()
	at org.apache.hadoop.conf.Configuration.<init>(Configuration.java:227)
	at org.apache.hadoop.conf.Configuration.<init>(Configuration.java:214)
	at org.apache.hadoop.security.UserGroupInformation.ensureInitialized(UserGroupInformation.java:184)
	at org.apache.hadoop.security.UserGroupInformation.isSecurityEnabled(UserGroupInformation.java:236)
	at org.apache.hadoop.security.UserGroupInformation.getLoginUser(UserGroupInformation.java:466)
	at org.apache.hadoop.security.UserGroupInformation.getCurrentUser(UserGroupInformation.java:452)
	at sun.reflect.NativeMethodAccessorImpl.invoke0(Native Method)
	at sun.reflect.NativeMethodAccessorImpl.invoke(NativeMethodAccessorImpl.java:57)
	at sun.reflect.DelegatingMethodAccessorImpl.invoke(DelegatingMethodAccessorImpl.java:43)
	at java.lang.reflect.Method.invoke(Method.java:601)
	at org.apache.hadoop.hbase.util.Methods.call(Methods.java:37)
	at org.apache.hadoop.hbase.security.User.call(User.java:590)
	at org.apache.hadoop.hbase.security.User.callStatic(User.java:580)
	at org.apache.hadoop.hbase.security.User.access$400(User.java:51)
	at org.apache.hadoop.hbase.security.User$SecureHadoopUser.<init>(User.java:397)
	at org.apache.hadoop.hbase.security.User$SecureHadoopUser.<init>(User.java:392)
	at org.apache.hadoop.hbase.security.User.getCurrent(User.java:140)
	at org.apache.hadoop.hbase.client.HConnectionManager$HConnectionKey.<init>(HConnectionManager.java:435)
	at org.apache.hadoop.hbase.client.HConnectionManager.getConnection(HConnectionManager.java:180)
	at org.apache.hadoop.hbase.client.HBaseAdmin.<init>(HBaseAdmin.java:106)
	at com.microblog.common.dao.hbase.impl.UserListDaoImpl.getTableByName(UserListDaoImpl.java:84)
	at com.microblog.common.dao.hbase.impl.UserListDaoImpl.getRows(UserListDaoImpl.java:187)
	at com.scnu.crawler.SinaCrawler.crawlLogic(SinaCrawler.java:778)
	at com.scnu.crawler.SinaCrawler.main(SinaCrawler.java:813)

4354 DEBUG [2013-06-16 17:39:29]   Creating new Groups object
4610 DEBUG [2013-06-16 17:39:29]  Group mapping impl=org.apache.hadoop.security.ShellBasedUnixGroupsMapping; cacheTimeout=300000
4669 DEBUG [2013-06-16 17:39:29]  java.io.IOException: config()
	at org.apache.hadoop.conf.Configuration.<init>(Configuration.java:227)
	at org.apache.hadoop.conf.Configuration.<init>(Configuration.java:214)
	at org.apache.hadoop.security.UserGroupInformation.ensureInitialized(UserGroupInformation.java:184)
	at org.apache.hadoop.security.UserGroupInformation.isSecurityEnabled(UserGroupInformation.java:236)
	at org.apache.hadoop.security.KerberosName.<clinit>(KerberosName.java:79)
	at org.apache.hadoop.security.UserGroupInformation.initialize(UserGroupInformation.java:209)
	at org.apache.hadoop.security.UserGroupInformation.ensureInitialized(UserGroupInformation.java:184)
	at org.apache.hadoop.security.UserGroupInformation.isSecurityEnabled(UserGroupInformation.java:236)
	at org.apache.hadoop.security.UserGroupInformation.getLoginUser(UserGroupInformation.java:466)
	at org.apache.hadoop.security.UserGroupInformation.getCurrentUser(UserGroupInformation.java:452)
	at sun.reflect.NativeMethodAccessorImpl.invoke0(Native Method)
	at sun.reflect.NativeMethodAccessorImpl.invoke(NativeMethodAccessorImpl.java:57)
	at sun.reflect.DelegatingMethodAccessorImpl.invoke(DelegatingMethodAccessorImpl.java:43)
	at java.lang.reflect.Method.invoke(Method.java:601)
	at org.apache.hadoop.hbase.util.Methods.call(Methods.java:37)
	at org.apache.hadoop.hbase.security.User.call(User.java:590)
	at org.apache.hadoop.hbase.security.User.callStatic(User.java:580)
	at org.apache.hadoop.hbase.security.User.access$400(User.java:51)
	at org.apache.hadoop.hbase.security.User$SecureHadoopUser.<init>(User.java:397)
	at org.apache.hadoop.hbase.security.User$SecureHadoopUser.<init>(User.java:392)
	at org.apache.hadoop.hbase.security.User.getCurrent(User.java:140)
	at org.apache.hadoop.hbase.client.HConnectionManager$HConnectionKey.<init>(HConnectionManager.java:435)
	at org.apache.hadoop.hbase.client.HConnectionManager.getConnection(HConnectionManager.java:180)
	at org.apache.hadoop.hbase.client.HBaseAdmin.<init>(HBaseAdmin.java:106)
	at com.microblog.common.dao.hbase.impl.UserListDaoImpl.getTableByName(UserListDaoImpl.java:84)
	at com.microblog.common.dao.hbase.impl.UserListDaoImpl.getRows(UserListDaoImpl.java:187)
	at com.scnu.crawler.SinaCrawler.crawlLogic(SinaCrawler.java:778)
	at com.scnu.crawler.SinaCrawler.main(SinaCrawler.java:813)

5010 DEBUG [2013-06-16 17:39:30]  hadoop login
5011 DEBUG [2013-06-16 17:39:30]  hadoop login commit
5029 DEBUG [2013-06-16 17:39:30]  using local user:UnixPrincipal: zh
5033 DEBUG [2013-06-16 17:39:30]  UGI loginUser:zh
5264 DEBUG [2013-06-16 17:39:30]  hconnection opening connection to ZooKeeper with ensemble (localhost:2181)
5359 INFO  [2013-06-16 17:39:30]  Client environment:zookeeper.version=3.3.2-1031432, built on 11/05/2010 05:32 GMT
5362 INFO  [2013-06-16 17:39:30]  Client environment:host.name=localhost
5363 INFO  [2013-06-16 17:39:30]  Client environment:java.version=1.7.0_07
5363 INFO  [2013-06-16 17:39:30]  Client environment:java.vendor=Oracle Corporation
5366 INFO  [2013-06-16 17:39:30]  Client environment:java.home=/usr/jdk1.7.0_07/jre
5366 INFO  [2013-06-16 17:39:30]  Client environment:java.class.path=/home/zh/workspace/Hbase/hbaseTest/bin:/home/zh/workspace/Hbase/hbaseTest/lib/others/dom4j-1.4.jar:/home/zh/workspace/Hbase/hbaseTest/lib/others/json-lib-2.2.2-jdk15.jar:/home/zh/workspace/Hbase/hbaseTest/lib/others/jsonplugin-0.34.jar:/home/zh/workspace/Hbase/hbaseTest/lib/commons-beanutils-1.7.0.jar:/home/zh/workspace/Hbase/hbaseTest/lib/commons-codec-1.4.jar:/home/zh/workspace/Hbase/hbaseTest/lib/commons-codec.jar:/home/zh/workspace/Hbase/hbaseTest/lib/commons-collections-3.2.jar:/home/zh/workspace/Hbase/hbaseTest/lib/commons-httpclient-3.1.jar:/home/zh/workspace/Hbase/hbaseTest/lib/commons-lang-2.3.jar:/home/zh/workspace/Hbase/hbaseTest/lib/commons-logging-1.1.1.jar:/home/zh/workspace/Hbase/hbaseTest/lib/commons-logging-1.1.jar:/home/zh/workspace/Hbase/hbaseTest/lib/ezmorph-1.0.4.jar:/home/zh/workspace/Hbase/hbaseTest/lib/httpclient-4.1.3.jar:/home/zh/workspace/Hbase/hbaseTest/lib/httpclient-cache-4.1.3.jar:/home/zh/workspace/Hbase/hbaseTest/lib/httpcore-4.1.4.jar:/home/zh/workspace/Hbase/hbaseTest/lib/httpmime-4.1.3.jar:/home/zh/workspace/Hbase/hbaseTest/lib/jackson-all-1.8.5.jar:/home/zh/workspace/Hbase/hbaseTest/lib/json-lib-2.4-jdk15.jar:/home/zh/workspace/Hbase/hbaseTest/lib/json.jar:/home/zh/workspace/Hbase/hbaseTest/lib/log4j-1.2.16.jar:/home/zh/workspace/Hbase/hbaseTest/lib/commons-configuration-1.6.jar:/home/zh/workspace/Hbase/hbaseTest/lib/hadoop-core-1.0.3.jar:/home/zh/workspace/Hbase/hbaseTest/lib/hbase-0.94.5.jar:/home/zh/workspace/Hbase/hbaseTest/lib/protobuf-java-2.4.0a.jar:/home/zh/workspace/Hbase/hbaseTest/lib/slf4j-api-1.4.3.jar:/home/zh/workspace/Hbase/hbaseTest/lib/slf4j-log4j12-1.4.3.jar:/home/zh/workspace/Hbase/hbaseTest/lib/zookeeper-3.3.2.jar:/home/zh/workspace/Hbase/hbaseTest/lib/zookeeper-3.4.5.jar:/home/zh/workspace/Hbase/hbaseTest/lib/guava-11.0.2.jar
5367 INFO  [2013-06-16 17:39:30]  Client environment:java.library.path=/usr/java/packages/lib/amd64:/usr/lib64:/lib64:/lib:/usr/lib
5367 INFO  [2013-06-16 17:39:30]  Client environment:java.io.tmpdir=/tmp
5368 INFO  [2013-06-16 17:39:30]  Client environment:java.compiler=<NA>
5370 INFO  [2013-06-16 17:39:30]  Client environment:os.name=Linux
5371 INFO  [2013-06-16 17:39:30]  Client environment:os.arch=amd64
5371 INFO  [2013-06-16 17:39:30]  Client environment:os.version=3.5.0-27-generic
5373 INFO  [2013-06-16 17:39:30]  Client environment:user.name=zh
5373 INFO  [2013-06-16 17:39:30]  Client environment:user.home=/home/zh
5376 INFO  [2013-06-16 17:39:30]  Client environment:user.dir=/home/zh/workspace/Hbase/hbaseTest
5378 INFO  [2013-06-16 17:39:30]  Initiating client connection, connectString=localhost:2181 sessionTimeout=180000 watcher=hconnection
5403 DEBUG [2013-06-16 17:39:30]  zookeeper.disableAutoWatchReset is false
5509 INFO  [2013-06-16 17:39:30]  Opening socket connection to server localhost/127.0.0.1:2181
5540 INFO  [2013-06-16 17:39:30]  The identifier of this process is 5043@zh-desktop
5625 INFO  [2013-06-16 17:39:30]  Socket connection established to localhost/127.0.0.1:2181, initiating session
5628 DEBUG [2013-06-16 17:39:30]  Session establishment request sent on localhost/127.0.0.1:2181
5683 INFO  [2013-06-16 17:39:30]  Session establishment complete on server localhost/127.0.0.1:2181, sessionid = 0x13f4c5791000003, negotiated timeout = 180000
5689 DEBUG [2013-06-16 17:39:30]  hconnection Received ZooKeeper Event, type=None, state=SyncConnected, path=null
5702 DEBUG [2013-06-16 17:39:30]  hconnection-0x13f4c5791000003 connected
5717 DEBUG [2013-06-16 17:39:30]  Reading reply sessionid:0x13f4c5791000003, packet:: clientPath:null serverPath:null finished:false header:: 1,3  replyHeader:: 1,102,0  request:: '/hbase/hbaseid,F  response:: s{13,14,1371375381693,1371375381714,1,0,0,0,56,0,13} 
5725 DEBUG [2013-06-16 17:39:30]  Reading reply sessionid:0x13f4c5791000003, packet:: clientPath:null serverPath:null finished:false header:: 2,4  replyHeader:: 2,102,0  request:: '/hbase/hbaseid,F  response:: #ffffffff000f34313237407a682d6465736b746f7038333263323139652d663861332d343035372d393465312d363136653632316462343338,s{13,14,1371375381693,1371375381714,1,0,0,0,56,0,13} 
5727 DEBUG [2013-06-16 17:39:30]  hconnection-0x13f4c5791000003 Retrieved 36 byte(s) of data from znode /hbase/hbaseid; data=832c219e-f8a3-4057-94e1-616e6...
5746 DEBUG [2013-06-16 17:39:30]  Reading reply sessionid:0x13f4c5791000003, packet:: clientPath:null serverPath:null finished:false header:: 3,3  replyHeader:: 3,102,0  request:: '/hbase/master,T  response:: s{10,10,1371375380297,1371375380297,0,0,0,89874456549261312,51,0,10} 
5747 DEBUG [2013-06-16 17:39:30]  hconnection-0x13f4c5791000003 Set watcher on existing znode /hbase/master
5752 DEBUG [2013-06-16 17:39:30]  Reading reply sessionid:0x13f4c5791000003, packet:: clientPath:null serverPath:null finished:false header:: 4,4  replyHeader:: 4,102,0  request:: '/hbase/master,T  response:: #ffffffff000f34313237407a682d6465736b746f70006c6f63616c686f73742c36303030302c31333731333735333738353437,s{10,10,1371375380297,1371375380297,0,0,0,89874456549261312,51,0,10} 
5757 DEBUG [2013-06-16 17:39:30]  hconnection-0x13f4c5791000003 Retrieved 31 byte(s) of data from znode /hbase/master and set watcher; \x00\x00localhost,60000,13713...
5761 DEBUG [2013-06-16 17:39:30]  Reading reply sessionid:0x13f4c5791000003, packet:: clientPath:null serverPath:null finished:false header:: 5,3  replyHeader:: 5,102,-101  request:: '/hbase/root-region-server,T  response::  
5765 DEBUG [2013-06-16 17:39:30]  hconnection-0x13f4c5791000003 /hbase/root-region-server does not exist. Watcher is set.
5774 DEBUG [2013-06-16 17:39:30]  Using RpcEngine: org.apache.hadoop.hbase.ipc.WritableRpcEngine
5806 DEBUG [2013-06-16 17:39:31]  The ping interval is60000ms.
5814 DEBUG [2013-06-16 17:39:31]  Reading reply sessionid:0x13f4c5791000003, packet:: clientPath:null serverPath:null finished:false header:: 6,3  replyHeader:: 6,102,0  request:: '/hbase,F  response:: s{2,2,1371375379907,1371375379907,0,10,0,0,0,10,15} 
5919 DEBUG [2013-06-16 17:39:31]  java.io.IOException: config()
	at org.apache.hadoop.conf.Configuration.<init>(Configuration.java:227)
	at org.apache.hadoop.conf.Configuration.<init>(Configuration.java:214)
	at org.apache.hadoop.hbase.io.hfile.Compression$Algorithm.<init>(Compression.java:250)
	at org.apache.hadoop.hbase.io.hfile.Compression$Algorithm.<init>(Compression.java:97)
	at org.apache.hadoop.hbase.io.hfile.Compression$Algorithm$1.<init>(Compression.java:98)
	at org.apache.hadoop.hbase.io.hfile.Compression$Algorithm.<clinit>(Compression.java:98)
	at org.apache.hadoop.hbase.HColumnDescriptor.<clinit>(HColumnDescriptor.java:91)
	at org.apache.hadoop.hbase.HTableDescriptor.<clinit>(HTableDescriptor.java:1141)
	at java.lang.Class.forName0(Native Method)
	at java.lang.Class.forName(Class.java:186)
	at $Proxy5.<clinit>(Unknown Source)
	at sun.reflect.NativeConstructorAccessorImpl.newInstance0(Native Method)
	at sun.reflect.NativeConstructorAccessorImpl.newInstance(NativeConstructorAccessorImpl.java:57)
	at sun.reflect.DelegatingConstructorAccessorImpl.newInstance(DelegatingConstructorAccessorImpl.java:45)
	at java.lang.reflect.Constructor.newInstance(Constructor.java:525)
	at java.lang.reflect.Proxy.newProxyInstance(Proxy.java:608)
	at org.apache.hadoop.hbase.ipc.WritableRpcEngine.getProxy(WritableRpcEngine.java:127)
	at org.apache.hadoop.hbase.client.HConnectionManager$HConnectionImplementation.getMaster(HConnectionManager.java:711)
	at org.apache.hadoop.hbase.client.HBaseAdmin.<init>(HBaseAdmin.java:116)
	at com.microblog.common.dao.hbase.impl.UserListDaoImpl.getTableByName(UserListDaoImpl.java:84)
	at com.microblog.common.dao.hbase.impl.UserListDaoImpl.getRows(UserListDaoImpl.java:187)
	at com.scnu.crawler.SinaCrawler.crawlLogic(SinaCrawler.java:778)
	at com.scnu.crawler.SinaCrawler.main(SinaCrawler.java:813)

5980 DEBUG [2013-06-16 17:39:31]  java.io.IOException: config()
	at org.apache.hadoop.conf.Configuration.<init>(Configuration.java:227)
	at org.apache.hadoop.conf.Configuration.<init>(Configuration.java:214)
	at org.apache.hadoop.hbase.io.hfile.Compression$Algorithm.<init>(Compression.java:250)
	at org.apache.hadoop.hbase.io.hfile.Compression$Algorithm.<init>(Compression.java:97)
	at org.apache.hadoop.hbase.io.hfile.Compression$Algorithm$2.<init>(Compression.java:127)
	at org.apache.hadoop.hbase.io.hfile.Compression$Algorithm.<clinit>(Compression.java:127)
	at org.apache.hadoop.hbase.HColumnDescriptor.<clinit>(HColumnDescriptor.java:91)
	at org.apache.hadoop.hbase.HTableDescriptor.<clinit>(HTableDescriptor.java:1141)
	at java.lang.Class.forName0(Native Method)
	at java.lang.Class.forName(Class.java:186)
	at $Proxy5.<clinit>(Unknown Source)
	at sun.reflect.NativeConstructorAccessorImpl.newInstance0(Native Method)
	at sun.reflect.NativeConstructorAccessorImpl.newInstance(NativeConstructorAccessorImpl.java:57)
	at sun.reflect.DelegatingConstructorAccessorImpl.newInstance(DelegatingConstructorAccessorImpl.java:45)
	at java.lang.reflect.Constructor.newInstance(Constructor.java:525)
	at java.lang.reflect.Proxy.newProxyInstance(Proxy.java:608)
	at org.apache.hadoop.hbase.ipc.WritableRpcEngine.getProxy(WritableRpcEngine.java:127)
	at org.apache.hadoop.hbase.client.HConnectionManager$HConnectionImplementation.getMaster(HConnectionManager.java:711)
	at org.apache.hadoop.hbase.client.HBaseAdmin.<init>(HBaseAdmin.java:116)
	at com.microblog.common.dao.hbase.impl.UserListDaoImpl.getTableByName(UserListDaoImpl.java:84)
	at com.microblog.common.dao.hbase.impl.UserListDaoImpl.getRows(UserListDaoImpl.java:187)
	at com.scnu.crawler.SinaCrawler.crawlLogic(SinaCrawler.java:778)
	at com.scnu.crawler.SinaCrawler.main(SinaCrawler.java:813)

6019 DEBUG [2013-06-16 17:39:31]  java.io.IOException: config()
	at org.apache.hadoop.conf.Configuration.<init>(Configuration.java:227)
	at org.apache.hadoop.conf.Configuration.<init>(Configuration.java:214)
	at org.apache.hadoop.hbase.io.hfile.Compression$Algorithm.<init>(Compression.java:250)
	at org.apache.hadoop.hbase.io.hfile.Compression$Algorithm.<init>(Compression.java:97)
	at org.apache.hadoop.hbase.io.hfile.Compression$Algorithm$3.<init>(Compression.java:151)
	at org.apache.hadoop.hbase.io.hfile.Compression$Algorithm.<clinit>(Compression.java:151)
	at org.apache.hadoop.hbase.HColumnDescriptor.<clinit>(HColumnDescriptor.java:91)
	at org.apache.hadoop.hbase.HTableDescriptor.<clinit>(HTableDescriptor.java:1141)
	at java.lang.Class.forName0(Native Method)
	at java.lang.Class.forName(Class.java:186)
	at $Proxy5.<clinit>(Unknown Source)
	at sun.reflect.NativeConstructorAccessorImpl.newInstance0(Native Method)
	at sun.reflect.NativeConstructorAccessorImpl.newInstance(NativeConstructorAccessorImpl.java:57)
	at sun.reflect.DelegatingConstructorAccessorImpl.newInstance(DelegatingConstructorAccessorImpl.java:45)
	at java.lang.reflect.Constructor.newInstance(Constructor.java:525)
	at java.lang.reflect.Proxy.newProxyInstance(Proxy.java:608)
	at org.apache.hadoop.hbase.ipc.WritableRpcEngine.getProxy(WritableRpcEngine.java:127)
	at org.apache.hadoop.hbase.client.HConnectionManager$HConnectionImplementation.getMaster(HConnectionManager.java:711)
	at org.apache.hadoop.hbase.client.HBaseAdmin.<init>(HBaseAdmin.java:116)
	at com.microblog.common.dao.hbase.impl.UserListDaoImpl.getTableByName(UserListDaoImpl.java:84)
	at com.microblog.common.dao.hbase.impl.UserListDaoImpl.getRows(UserListDaoImpl.java:187)
	at com.scnu.crawler.SinaCrawler.crawlLogic(SinaCrawler.java:778)
	at com.scnu.crawler.SinaCrawler.main(SinaCrawler.java:813)

6069 DEBUG [2013-06-16 17:39:31]  java.io.IOException: config()
	at org.apache.hadoop.conf.Configuration.<init>(Configuration.java:227)
	at org.apache.hadoop.conf.Configuration.<init>(Configuration.java:214)
	at org.apache.hadoop.hbase.io.hfile.Compression$Algorithm.<init>(Compression.java:250)
	at org.apache.hadoop.hbase.io.hfile.Compression$Algorithm.<init>(Compression.java:97)
	at org.apache.hadoop.hbase.io.hfile.Compression$Algorithm$4.<init>(Compression.java:183)
	at org.apache.hadoop.hbase.io.hfile.Compression$Algorithm.<clinit>(Compression.java:183)
	at org.apache.hadoop.hbase.HColumnDescriptor.<clinit>(HColumnDescriptor.java:91)
	at org.apache.hadoop.hbase.HTableDescriptor.<clinit>(HTableDescriptor.java:1141)
	at java.lang.Class.forName0(Native Method)
	at java.lang.Class.forName(Class.java:186)
	at $Proxy5.<clinit>(Unknown Source)
	at sun.reflect.NativeConstructorAccessorImpl.newInstance0(Native Method)
	at sun.reflect.NativeConstructorAccessorImpl.newInstance(NativeConstructorAccessorImpl.java:57)
	at sun.reflect.DelegatingConstructorAccessorImpl.newInstance(DelegatingConstructorAccessorImpl.java:45)
	at java.lang.reflect.Constructor.newInstance(Constructor.java:525)
	at java.lang.reflect.Proxy.newProxyInstance(Proxy.java:608)
	at org.apache.hadoop.hbase.ipc.WritableRpcEngine.getProxy(WritableRpcEngine.java:127)
	at org.apache.hadoop.hbase.client.HConnectionManager$HConnectionImplementation.getMaster(HConnectionManager.java:711)
	at org.apache.hadoop.hbase.client.HBaseAdmin.<init>(HBaseAdmin.java:116)
	at com.microblog.common.dao.hbase.impl.UserListDaoImpl.getTableByName(UserListDaoImpl.java:84)
	at com.microblog.common.dao.hbase.impl.UserListDaoImpl.getRows(UserListDaoImpl.java:187)
	at com.scnu.crawler.SinaCrawler.crawlLogic(SinaCrawler.java:778)
	at com.scnu.crawler.SinaCrawler.main(SinaCrawler.java:813)

6109 DEBUG [2013-06-16 17:39:31]  java.io.IOException: config()
	at org.apache.hadoop.conf.Configuration.<init>(Configuration.java:227)
	at org.apache.hadoop.conf.Configuration.<init>(Configuration.java:214)
	at org.apache.hadoop.hbase.io.hfile.Compression$Algorithm.<init>(Compression.java:250)
	at org.apache.hadoop.hbase.io.hfile.Compression$Algorithm.<init>(Compression.java:97)
	at org.apache.hadoop.hbase.io.hfile.Compression$Algorithm$5.<init>(Compression.java:212)
	at org.apache.hadoop.hbase.io.hfile.Compression$Algorithm.<clinit>(Compression.java:212)
	at org.apache.hadoop.hbase.HColumnDescriptor.<clinit>(HColumnDescriptor.java:91)
	at org.apache.hadoop.hbase.HTableDescriptor.<clinit>(HTableDescriptor.java:1141)
	at java.lang.Class.forName0(Native Method)
	at java.lang.Class.forName(Class.java:186)
	at $Proxy5.<clinit>(Unknown Source)
	at sun.reflect.NativeConstructorAccessorImpl.newInstance0(Native Method)
	at sun.reflect.NativeConstructorAccessorImpl.newInstance(NativeConstructorAccessorImpl.java:57)
	at sun.reflect.DelegatingConstructorAccessorImpl.newInstance(DelegatingConstructorAccessorImpl.java:45)
	at java.lang.reflect.Constructor.newInstance(Constructor.java:525)
	at java.lang.reflect.Proxy.newProxyInstance(Proxy.java:608)
	at org.apache.hadoop.hbase.ipc.WritableRpcEngine.getProxy(WritableRpcEngine.java:127)
	at org.apache.hadoop.hbase.client.HConnectionManager$HConnectionImplementation.getMaster(HConnectionManager.java:711)
	at org.apache.hadoop.hbase.client.HBaseAdmin.<init>(HBaseAdmin.java:116)
	at com.microblog.common.dao.hbase.impl.UserListDaoImpl.getTableByName(UserListDaoImpl.java:84)
	at com.microblog.common.dao.hbase.impl.UserListDaoImpl.getRows(UserListDaoImpl.java:187)
	at com.scnu.crawler.SinaCrawler.crawlLogic(SinaCrawler.java:778)
	at com.scnu.crawler.SinaCrawler.main(SinaCrawler.java:813)

6223 DEBUG [2013-06-16 17:39:31]  Connecting to org.apache.hadoop.hbase.ipc.HBaseClient$ConnectionId@28bc5e5
6265 DEBUG [2013-06-16 17:39:31]  IPC Client (47) connection to localhost/127.0.0.1:60000 from zh sending #0
6272 DEBUG [2013-06-16 17:39:31]  IPC Client (47) connection to localhost/127.0.0.1:60000 from zh: starting, having connections 1
6387 DEBUG [2013-06-16 17:39:31]  IPC Client (47) connection to localhost/127.0.0.1:60000 from zh got value #0
6389 DEBUG [2013-06-16 17:39:31]  Call: getProtocolVersion 201
6390 DEBUG [2013-06-16 17:39:31]  IPC Client (47) connection to localhost/127.0.0.1:60000 from zh sending #1
6393 DEBUG [2013-06-16 17:39:31]  IPC Client (47) connection to localhost/127.0.0.1:60000 from zh got value #1
6393 DEBUG [2013-06-16 17:39:31]  Call: isMasterRunning 3
6422 DEBUG [2013-06-16 17:39:31]  catalogtracker-on-org.apache.hadoop.hbase.client.HConnectionManager$HConnectionImplementation@12ae710e opening connection to ZooKeeper with ensemble (localhost:2181)
6422 INFO  [2013-06-16 17:39:31]  Initiating client connection, connectString=localhost:2181 sessionTimeout=180000 watcher=catalogtracker-on-org.apache.hadoop.hbase.client.HConnectionManager$HConnectionImplementation@12ae710e
6429 INFO  [2013-06-16 17:39:31]  The identifier of this process is 5043@zh-desktop
6429 INFO  [2013-06-16 17:39:31]  Opening socket connection to server localhost/127.0.0.1:2181
6432 INFO  [2013-06-16 17:39:31]  Socket connection established to localhost/127.0.0.1:2181, initiating session
6432 DEBUG [2013-06-16 17:39:31]  Session establishment request sent on localhost/127.0.0.1:2181
6441 DEBUG [2013-06-16 17:39:31]  Starting catalog tracker org.apache.hadoop.hbase.catalog.CatalogTracker@3c296bfe
6456 INFO  [2013-06-16 17:39:31]  Session establishment complete on server localhost/127.0.0.1:2181, sessionid = 0x13f4c5791000004, negotiated timeout = 180000
6457 DEBUG [2013-06-16 17:39:31]  catalogtracker-on-org.apache.hadoop.hbase.client.HConnectionManager$HConnectionImplementation@12ae710e Received ZooKeeper Event, type=None, state=SyncConnected, path=null
6459 DEBUG [2013-06-16 17:39:31]  catalogtracker-on-org.apache.hadoop.hbase.client.HConnectionManager$HConnectionImplementation@12ae710e-0x13f4c5791000004 connected
6459 DEBUG [2013-06-16 17:39:31]  Reading reply sessionid:0x13f4c5791000004, packet:: clientPath:null serverPath:null finished:false header:: 1,3  replyHeader:: 1,103,-101  request:: '/hbase/root-region-server,T  response::  
6459 DEBUG [2013-06-16 17:39:31]  catalogtracker-on-org.apache.hadoop.hbase.client.HConnectionManager$HConnectionImplementation@12ae710e-0x13f4c5791000004 /hbase/root-region-server does not exist. Watcher is set.
6462 DEBUG [2013-06-16 17:39:31]  Reading reply sessionid:0x13f4c5791000004, packet:: clientPath:null serverPath:null finished:false header:: 2,3  replyHeader:: 2,103,-101  request:: '/hbase/unassigned/1028785192,T  response::  
6463 DEBUG [2013-06-16 17:39:31]  catalogtracker-on-org.apache.hadoop.hbase.client.HConnectionManager$HConnectionImplementation@12ae710e-0x13f4c5791000004 /hbase/unassigned/1028785192 does not exist. Watcher is set.
6550 DEBUG [2013-06-16 17:39:31]  Reading reply sessionid:0x13f4c5791000003, packet:: clientPath:null serverPath:null finished:false header:: 7,3  replyHeader:: 7,103,0  request:: '/hbase,F  response:: s{2,2,1371375379907,1371375379907,0,10,0,0,0,10,15} 
6554 DEBUG [2013-06-16 17:39:31]  Reading reply sessionid:0x13f4c5791000003, packet:: clientPath:null serverPath:null finished:false header:: 8,4  replyHeader:: 8,103,-101  request:: '/hbase/root-region-server,T  response::  
6586 DEBUG [2013-06-16 17:39:31]  hconnection-0x13f4c5791000003 Unable to get data of znode /hbase/root-region-server because node does not exist (not an error)
16391 DEBUG [2013-06-16 17:39:41]  IPC Client (47) connection to localhost/127.0.0.1:60000 from zh: closed
16392 DEBUG [2013-06-16 17:39:41]  IPC Client (47) connection to localhost/127.0.0.1:60000 from zh: stopped, remaining connections 0
